<?xml version="1.0" encoding="UTF-8"?>
<!-- Generated by org.testng.reporters.JUnitReportReporter -->
<testsuite hostname="DESKTOP-EL3JJH9" failures="0" tests="3" name="myfirstprogram.FbLogin" time="71.235" errors="0" timestamp="2024-01-29T19:45:00 IST" skipped="0">
  <testcase classname="myfirstprogram.FbLogin" name="openBrowser" time="44.711"/>
  <testcase classname="myfirstprogram.FbLogin" name="login" time="25.431"/>
  <testcase classname="myfirstprogram.FbLogin" name="closeBrowser" time="1.093"/>
</testsuite> <!-- myfirstprogram.FbLogin -->
