<?xml version="1.0" encoding="UTF-8"?>
<!-- Generated by org.testng.reporters.JUnitReportReporter -->
<testsuite hostname="DESKTOP-EL3JJH9" failures="0" tests="3" name="Examples.FirstTest" time="0.041" errors="0" timestamp="2024-01-20T19:07:56 IST" skipped="0">
  <testcase classname="Examples.FirstTest" name="start" time="0.025"/>
  <testcase classname="Examples.FirstTest" name="login" time="0.007"/>
  <testcase classname="Examples.FirstTest" name="tearDown" time="0.009"/>
</testsuite> <!-- Examples.FirstTest -->
