<?xml version="1.0" encoding="UTF-8"?>
<!-- Generated by org.testng.reporters.JUnitReportReporter -->
<testsuite hostname="DESKTOP-EL3JJH9" failures="0" tests="3" name="myfirstprogram.FbLogin" time="38.608" errors="0" timestamp="2024-01-29T19:48:14 IST" skipped="0">
  <testcase classname="myfirstprogram.FbLogin" name="openBrowser" time="15.386"/>
  <testcase classname="myfirstprogram.FbLogin" name="login" time="22.189"/>
  <testcase classname="myfirstprogram.FbLogin" name="closeBrowser" time="1.033"/>
</testsuite> <!-- myfirstprogram.FbLogin -->
