<?xml version="1.0" encoding="UTF-8"?>
<!-- Generated by org.testng.reporters.JUnitReportReporter -->
<testsuite hostname="DESKTOP-EL3JJH9" failures="0" tests="3" name="myfirstprogram.FirstTest" time="0.062" errors="0" timestamp="2024-01-29T19:48:14 IST" skipped="0">
  <testcase classname="myfirstprogram.FirstTest" name="start" time="0.046"/>
  <testcase classname="myfirstprogram.FirstTest" name="login" time="0.000"/>
  <testcase classname="myfirstprogram.FirstTest" name="tearDown" time="0.016"/>
</testsuite> <!-- myfirstprogram.FirstTest -->
